[0.011s] Invoking command in '/home/hasegawa/osp/build/osp_teleop': CMAKE_PREFIX_PATH=${CMAKE_PREFIX_PATH}:/home/hasegawa/giant/install/aruco_tf:/home/hasegawa/spider/install/aruco_tf:/home/hasegawa/r5sr/install/yolov8_ros:/home/hasegawa/r5sr/install/r5sr_meter_inspection:/home/hasegawa/r5sr/install/r5sr_qr_detecter:/home/hasegawa/r5sr/install/r5sr_emergency_stop:/home/hasegawa/r5sr/install/r5sr_detection_3d:/home/hasegawa/r5sr/install/r5sr_cloud:/opt/ros/humble /usr/bin/cmake /home/hasegawa/osp/src/osp_naive/osp_teleop -DAMENT_CMAKE_SYMLINK_INSTALL=1 -DCMAKE_INSTALL_PREFIX=/home/hasegawa/osp/install/osp_teleop
[0.146s] -- The C compiler identification is GNU 11.4.0
[0.232s] -- The CXX compiler identification is GNU 11.4.0
[0.241s] -- Detecting C compiler ABI info
[0.308s] -- Detecting C compiler ABI info - done
[0.313s] -- Check for working C compiler: /usr/bin/cc - skipped
[0.313s] -- Detecting C compile features
[0.313s] -- Detecting C compile features - done
[0.316s] -- Detecting CXX compiler ABI info
[0.387s] -- Detecting CXX compiler ABI info - done
[0.391s] -- Check for working CXX compiler: /usr/bin/c++ - skipped
[0.391s] -- Detecting CXX compile features
[0.392s] -- Detecting CXX compile features - done
[0.405s] -- Found ament_cmake: 1.3.9 (/opt/ros/humble/share/ament_cmake/cmake)
[0.558s] -- Found Python3: /usr/bin/python3 (found version "3.10.12") found components: Interpreter 
[0.623s] -- Override CMake install command with custom implementation using symlinks instead of copying resources
[0.741s] -- Configuring done
[0.743s] -- Generating done
[0.743s] -- Build files have been written to: /home/hasegawa/osp/build/osp_teleop
[0.746s] Invoked command in '/home/hasegawa/osp/build/osp_teleop' returned '0': CMAKE_PREFIX_PATH=${CMAKE_PREFIX_PATH}:/home/hasegawa/giant/install/aruco_tf:/home/hasegawa/spider/install/aruco_tf:/home/hasegawa/r5sr/install/yolov8_ros:/home/hasegawa/r5sr/install/r5sr_meter_inspection:/home/hasegawa/r5sr/install/r5sr_qr_detecter:/home/hasegawa/r5sr/install/r5sr_emergency_stop:/home/hasegawa/r5sr/install/r5sr_detection_3d:/home/hasegawa/r5sr/install/r5sr_cloud:/opt/ros/humble /usr/bin/cmake /home/hasegawa/osp/src/osp_naive/osp_teleop -DAMENT_CMAKE_SYMLINK_INSTALL=1 -DCMAKE_INSTALL_PREFIX=/home/hasegawa/osp/install/osp_teleop
[0.748s] Invoking command in '/home/hasegawa/osp/build/osp_teleop': CMAKE_PREFIX_PATH=${CMAKE_PREFIX_PATH}:/home/hasegawa/giant/install/aruco_tf:/home/hasegawa/spider/install/aruco_tf:/home/hasegawa/r5sr/install/yolov8_ros:/home/hasegawa/r5sr/install/r5sr_meter_inspection:/home/hasegawa/r5sr/install/r5sr_qr_detecter:/home/hasegawa/r5sr/install/r5sr_emergency_stop:/home/hasegawa/r5sr/install/r5sr_detection_3d:/home/hasegawa/r5sr/install/r5sr_cloud:/opt/ros/humble /usr/bin/cmake --build /home/hasegawa/osp/build/osp_teleop -- -j20 -l20
[0.790s] Invoked command in '/home/hasegawa/osp/build/osp_teleop' returned '0': CMAKE_PREFIX_PATH=${CMAKE_PREFIX_PATH}:/home/hasegawa/giant/install/aruco_tf:/home/hasegawa/spider/install/aruco_tf:/home/hasegawa/r5sr/install/yolov8_ros:/home/hasegawa/r5sr/install/r5sr_meter_inspection:/home/hasegawa/r5sr/install/r5sr_qr_detecter:/home/hasegawa/r5sr/install/r5sr_emergency_stop:/home/hasegawa/r5sr/install/r5sr_detection_3d:/home/hasegawa/r5sr/install/r5sr_cloud:/opt/ros/humble /usr/bin/cmake --build /home/hasegawa/osp/build/osp_teleop -- -j20 -l20
[0.828s] Invoking command in '/home/hasegawa/osp/build/osp_teleop': CMAKE_PREFIX_PATH=${CMAKE_PREFIX_PATH}:/home/hasegawa/giant/install/aruco_tf:/home/hasegawa/spider/install/aruco_tf:/home/hasegawa/r5sr/install/yolov8_ros:/home/hasegawa/r5sr/install/r5sr_meter_inspection:/home/hasegawa/r5sr/install/r5sr_qr_detecter:/home/hasegawa/r5sr/install/r5sr_emergency_stop:/home/hasegawa/r5sr/install/r5sr_detection_3d:/home/hasegawa/r5sr/install/r5sr_cloud:/opt/ros/humble /usr/bin/cmake --install /home/hasegawa/osp/build/osp_teleop
[0.835s] -- Install configuration: ""
[0.835s] -- Installing: /home/hasegawa/osp/install/osp_teleop/share/osp_teleop/launch
[0.835s] -- Installing: /home/hasegawa/osp/install/osp_teleop/share/osp_teleop/launch/osp_teleop.launch.xml
[0.835s] -- Installing: /home/hasegawa/osp/install/osp_teleop/share/osp_teleop/config
[0.835s] -- Installing: /home/hasegawa/osp/install/osp_teleop/share/osp_teleop/config/osp_teleop.yaml
[0.835s] -- Installing: /home/hasegawa/osp/install/osp_teleop/share/osp_teleop/urdf
[0.835s] -- Installing: /home/hasegawa/osp/install/osp_teleop/share/osp_teleop/urdf/osp_teleop.urdf
[0.835s] -- Installing: /home/hasegawa/osp/install/osp_teleop/share/osp_teleop/urdf/osp_teleop.csv
[0.835s] -- Installing: /home/hasegawa/osp/install/osp_teleop/share/osp_teleop/meshes
[0.835s] -- Installing: /home/hasegawa/osp/install/osp_teleop/share/osp_teleop/meshes/flipper_1.STL
[0.836s] -- Installing: /home/hasegawa/osp/install/osp_teleop/share/osp_teleop/meshes/base_link.STL
[0.848s] -- Installing: /home/hasegawa/osp/install/osp_teleop/share/osp_teleop/meshes/flipper_4.STL
[0.849s] -- Installing: /home/hasegawa/osp/install/osp_teleop/share/osp_teleop/meshes/flipper_2.STL
[0.850s] -- Installing: /home/hasegawa/osp/install/osp_teleop/share/osp_teleop/meshes/flipper_3.STL
[0.851s] -- Execute custom install script
[0.851s] -- Symlinking: /home/hasegawa/osp/install/osp_teleop/share/ament_index/resource_index/package_run_dependencies/osp_teleop
[0.860s] -- Symlinking: /home/hasegawa/osp/install/osp_teleop/share/ament_index/resource_index/parent_prefix_path/osp_teleop
[0.871s] -- Symlinking: /home/hasegawa/osp/install/osp_teleop/share/osp_teleop/environment/ament_prefix_path.sh
[0.879s] -- Symlinking: /home/hasegawa/osp/install/osp_teleop/share/osp_teleop/environment/ament_prefix_path.dsv
[0.886s] -- Symlinking: /home/hasegawa/osp/install/osp_teleop/share/osp_teleop/environment/path.sh
[0.896s] -- Symlinking: /home/hasegawa/osp/install/osp_teleop/share/osp_teleop/environment/path.dsv
[0.905s] -- Symlinking: /home/hasegawa/osp/install/osp_teleop/share/osp_teleop/local_setup.bash
[0.916s] -- Symlinking: /home/hasegawa/osp/install/osp_teleop/share/osp_teleop/local_setup.sh
[0.924s] -- Symlinking: /home/hasegawa/osp/install/osp_teleop/share/osp_teleop/local_setup.zsh
[0.932s] -- Symlinking: /home/hasegawa/osp/install/osp_teleop/share/osp_teleop/local_setup.dsv
[0.940s] -- Symlinking: /home/hasegawa/osp/install/osp_teleop/share/osp_teleop/package.dsv
[0.950s] -- Symlinking: /home/hasegawa/osp/install/osp_teleop/share/ament_index/resource_index/packages/osp_teleop
[0.957s] -- Symlinking: /home/hasegawa/osp/install/osp_teleop/share/osp_teleop/cmake/osp_teleopConfig.cmake
[0.966s] -- Symlinking: /home/hasegawa/osp/install/osp_teleop/share/osp_teleop/cmake/osp_teleopConfig-version.cmake
[0.976s] -- Symlinking: /home/hasegawa/osp/install/osp_teleop/share/osp_teleop/package.xml
[0.986s] Invoked command in '/home/hasegawa/osp/build/osp_teleop' returned '0': CMAKE_PREFIX_PATH=${CMAKE_PREFIX_PATH}:/home/hasegawa/giant/install/aruco_tf:/home/hasegawa/spider/install/aruco_tf:/home/hasegawa/r5sr/install/yolov8_ros:/home/hasegawa/r5sr/install/r5sr_meter_inspection:/home/hasegawa/r5sr/install/r5sr_qr_detecter:/home/hasegawa/r5sr/install/r5sr_emergency_stop:/home/hasegawa/r5sr/install/r5sr_detection_3d:/home/hasegawa/r5sr/install/r5sr_cloud:/opt/ros/humble /usr/bin/cmake --install /home/hasegawa/osp/build/osp_teleop
